<?xml version="1.0" encoding="UTF-8"?>
<!-- Generated by org.testng.reporters.JUnitXMLReporter -->
<testsuite ignored="0" hostname="GiriPujesh" failures="0" tests="3" name="Default test" time="16.432" errors="0" timestamp="2026-05-19T16:37:20 IST">
  <testcase classname="com.testing.ParabankTest" name="verifyHomePageTitle" time="0.018"/>
  <testcase classname="com.testing.ParabankTest" name="loginTest" time="1.893"/>
  <testcase classname="com.testing.ParabankTest" name="verifyAccountOverviewPage" time="2.042"/>
</testsuite> <!-- Default test -->
