<?xml version="1.0" encoding="UTF-8"?>
<testng-results ignored="0" total="3" passed="3" failed="0" skipped="0">
  <reporter-output>
  </reporter-output>
  <suite started-at="2026-05-25T17:49:13 IST" name="Default suite" finished-at="2026-05-25T17:49:18 IST" duration-ms="5354">
    <groups>
    </groups>
    <test started-at="2026-05-25T17:49:13 IST" name="Default test" finished-at="2026-05-25T17:49:18 IST" duration-ms="5354">
      <class name="apiTests.DataDrivenPostTest">
        <test-method is-config="true" signature="startReport()[pri:0, instance:apiTests.DataDrivenPostTest@3fc2959f]" started-at="2026-05-25T17:49:13 IST" name="startReport" finished-at="2026-05-25T17:49:13 IST" duration-ms="348" status="PASS">
          <reporter-output>
          </reporter-output>
        </test-method> <!-- startReport -->
        <test-method signature="createUser(java.lang.String,java.lang.String,java.lang.String)[pri:0, instance:apiTests.DataDrivenPostTest@3fc2959f]" started-at="2026-05-25T17:49:14 IST" name="createUser" data-provider="userData" finished-at="2026-05-25T17:49:17 IST" duration-ms="2699" status="PASS">
          <params>
            <param index="0">
              <value>
                <![CDATA[Giri]]>
              </value>
            </param>
            <param index="1">
              <value>
                <![CDATA[Pujesh]]>
              </value>
            </param>
            <param index="2">
              <value>
                <![CDATA[22.0]]>
              </value>
            </param>
          </params>
          <reporter-output>
          </reporter-output>
        </test-method> <!-- createUser -->
        <test-method signature="createUser(java.lang.String,java.lang.String,java.lang.String)[pri:0, instance:apiTests.DataDrivenPostTest@3fc2959f]" started-at="2026-05-25T17:49:17 IST" name="createUser" data-provider="userData" finished-at="2026-05-25T17:49:17 IST" duration-ms="411" status="PASS">
          <params>
            <param index="0">
              <value>
                <![CDATA[Ravi]]>
              </value>
            </param>
            <param index="1">
              <value>
                <![CDATA[Kumar]]>
              </value>
            </param>
            <param index="2">
              <value>
                <![CDATA[25.0]]>
              </value>
            </param>
          </params>
          <reporter-output>
          </reporter-output>
        </test-method> <!-- createUser -->
        <test-method signature="createUser(java.lang.String,java.lang.String,java.lang.String)[pri:0, instance:apiTests.DataDrivenPostTest@3fc2959f]" started-at="2026-05-25T17:49:17 IST" name="createUser" data-provider="userData" finished-at="2026-05-25T17:49:18 IST" duration-ms="393" status="PASS">
          <params>
            <param index="0">
              <value>
                <![CDATA[John]]>
              </value>
            </param>
            <param index="1">
              <value>
                <![CDATA[David]]>
              </value>
            </param>
            <param index="2">
              <value>
                <![CDATA[30.0]]>
              </value>
            </param>
          </params>
          <reporter-output>
          </reporter-output>
        </test-method> <!-- createUser -->
        <test-method is-config="true" signature="tearDown()[pri:0, instance:apiTests.DataDrivenPostTest@3fc2959f]" started-at="2026-05-25T17:49:18 IST" name="tearDown" finished-at="2026-05-25T17:49:18 IST" duration-ms="401" status="PASS">
          <reporter-output>
          </reporter-output>
        </test-method> <!-- tearDown -->
      </class> <!-- apiTests.DataDrivenPostTest -->
    </test> <!-- Default test -->
  </suite> <!-- Default suite -->
</testng-results>
