<?xml version="1.0" encoding="UTF-8"?>
<!-- Generated by org.testng.reporters.JUnitReportReporter -->
<testsuite hostname="GiriPujesh" failures="0" tests="3" name="com.testing.SauceDemoTest" time="16.187" errors="0" timestamp="2026-05-19T16:32:05 IST" skipped="0">
  <testcase classname="com.testing.SauceDemoTest" name="verifyLoginPageTitle" time="2.740"/>
  <testcase classname="com.testing.SauceDemoTest" name="loginTest" time="9.276"/>
  <testcase classname="com.testing.SauceDemoTest" name="verifyProductPage" time="4.171"/>
</testsuite> <!-- com.testing.SauceDemoTest -->
