<?xml version="1.0" encoding="UTF-8"?>
<!-- Generated by org.testng.reporters.JUnitReportReporter -->
<testsuite hostname="GiriPujesh" failures="0" tests="3" name="com.testing.ParabankTest" time="16.362" errors="0" timestamp="2026-05-19T16:37:20 IST" skipped="0">
  <testcase classname="com.testing.ParabankTest" name="verifyHomePageTitle" time="2.039"/>
  <testcase classname="com.testing.ParabankTest" name="loginTest" time="3.952"/>
  <testcase classname="com.testing.ParabankTest" name="verifyAccountOverviewPage" time="10.371"/>
</testsuite> <!-- com.testing.ParabankTest -->
