<?xml version="1.0" encoding="UTF-8"?>
<!-- Generated by org.testng.reporters.JUnitReportReporter -->
<testsuite hostname="GiriPujesh" failures="0" tests="3" name="apiTests.DataDrivenPostTest" time="3.503" errors="0" timestamp="2026-05-25T17:49:18 IST" skipped="0">
  <testcase classname="apiTests.DataDrivenPostTest" name="createUser" time="2.699"/>
  <testcase classname="apiTests.DataDrivenPostTest" name="createUser" time="0.411"/>
  <testcase classname="apiTests.DataDrivenPostTest" name="createUser" time="0.393"/>
</testsuite> <!-- apiTests.DataDrivenPostTest -->
